{"/Users/tindm/mtins/bloomkid/apps/backend/src/database/migrations/1714000000000-CreateLessonsSchema.ts": {"path":"/Users/tindm/mtins/bloomkid/apps/backend/src/database/migrations/1714000000000-CreateLessonsSchema.ts","statementMap":{"0":{"start":{"line":5,"column":4},"end":{"line":12,"column":7}},"1":{"start":{"line":14,"column":4},"end":{"line":28,"column":7}},"2":{"start":{"line":32,"column":4},"end":{"line":32,"column":69}},"3":{"start":{"line":33,"column":4},"end":{"line":33,"column":60}},"4":{"start":{"line":3,"column":0},"end":{"line":3,"column":13}}},"fnMap":{"0":{"name":"(anonymous_0)","decl":{"start":{"line":4,"column":2},"end":{"line":4,"column":7}},"loc":{"start":{"line":4,"column":35},"end":{"line":29,"column":3}}},"1":{"name":"(anonymous_1)","decl":{"start":{"line":31,"column":2},"end":{"line":31,"column":7}},"loc":{"start":{"line":31,"column":37},"end":{"line":34,"column":3}}}},"branchMap":{},"s":{"0":2,"1":2,"2":1,"3":1,"4":1},"f":{"0":2,"1":1},"b":{}}
,"/Users/tindm/mtins/bloomkid/apps/backend/src/modules/lessons/lessons.controller.ts": {"path":"/Users/tindm/mtins/bloomkid/apps/backend/src/modules/lessons/lessons.controller.ts","statementMap":{"0":{"start":{"line":1,"column":0},"end":{"line":1,"column":56}},"1":{"start":{"line":2,"column":0},"end":{"line":2,"column":51}},"2":{"start":{"line":6,"column":7},"end":{"line":18,"column":null}},"3":{"start":{"line":7,"column":31},"end":{"line":7,"column":47}},"4":{"start":{"line":11,"column":4},"end":{"line":11,"column":47}},"5":{"start":{"line":16,"column":4},"end":{"line":16,"column":60}},"6":{"start":{"line":6,"column":13},"end":{"line":6,"column":30}},"7":{"start":{"line":10,"column":2},"end":{"line":12,"column":null}},"8":{"start":{"line":15,"column":2},"end":{"line":17,"column":null}},"9":{"start":{"line":6,"column":13},"end":{"line":18,"column":null}}},"fnMap":{"0":{"name":"(anonymous_4)","decl":{"start":{"line":7,"column":2},"end":{"line":7,"column":31}},"loc":{"start":{"line":7,"column":61},"end":{"line":7,"column":65}}},"1":{"name":"(anonymous_5)","decl":{"start":{"line":10,"column":2},"end":{"line":10,"column":15}},"loc":{"start":{"line":10,"column":15},"end":{"line":12,"column":3}}},"2":{"name":"(anonymous_6)","decl":{"start":{"line":15,"column":2},"end":{"line":15,"column":15}},"loc":{"start":{"line":15,"column":51},"end":{"line":17,"column":3}}}},"branchMap":{},"s":{"0":1,"1":1,"2":1,"3":2,"4":1,"5":1,"6":1,"7":1,"8":1,"9":1},"f":{"0":2,"1":1,"2":1},"b":{}}
,"/Users/tindm/mtins/bloomkid/apps/backend/src/modules/lessons/lessons.service.ts": {"path":"/Users/tindm/mtins/bloomkid/apps/backend/src/modules/lessons/lessons.service.ts","statementMap":{"0":{"start":{"line":1,"column":0},"end":{"line":1,"column":44}},"1":{"start":{"line":2,"column":0},"end":{"line":2,"column":51}},"2":{"start":{"line":3,"column":0},"end":{"line":3,"column":37}},"3":{"start":{"line":4,"column":0},"end":{"line":4,"column":58}},"4":{"start":{"line":7,"column":7},"end":{"line":21,"column":null}},"5":{"start":{"line":10,"column":21},"end":{"line":10,"column":27}},"6":{"start":{"line":14,"column":18},"end":{"line":14,"column":70}},"7":{"start":{"line":15,"column":4},"end":{"line":15,"column":54}},"8":{"start":{"line":15,"column":40},"end":{"line":15,"column":50}},"9":{"start":{"line":19,"column":4},"end":{"line":19,"column":42}},"10":{"start":{"line":7,"column":13},"end":{"line":7,"column":27}},"11":{"start":{"line":7,"column":13},"end":{"line":21,"column":null}}},"fnMap":{"0":{"name":"(anonymous_4)","decl":{"start":{"line":8,"column":2},"end":{"line":8,"column":null}},"loc":{"start":{"line":10,"column":53},"end":{"line":11,"column":6}}},"1":{"name":"(anonymous_5)","decl":{"start":{"line":13,"column":2},"end":{"line":13,"column":7}},"loc":{"start":{"line":13,"column":21},"end":{"line":16,"column":3}}},"2":{"name":"(anonymous_6)","decl":{"start":{"line":15,"column":33},"end":{"line":15,"column":34}},"loc":{"start":{"line":15,"column":40},"end":{"line":15,"column":50}}},"3":{"name":"(anonymous_7)","decl":{"start":{"line":18,"column":2},"end":{"line":18,"column":7}},"loc":{"start":{"line":18,"column":43},"end":{"line":20,"column":3}}}},"branchMap":{},"s":{"0":2,"1":2,"2":2,"3":2,"4":2,"5":3,"6":1,"7":1,"8":2,"9":2,"10":2,"11":2},"f":{"0":3,"1":1,"2":2,"3":2},"b":{}}
,"/Users/tindm/mtins/bloomkid/apps/backend/src/modules/lessons/vocabulary-item.entity.ts": {"path":"/Users/tindm/mtins/bloomkid/apps/backend/src/modules/lessons/vocabulary-item.entity.ts","statementMap":{"0":{"start":{"line":1,"column":0},"end":{"line":1,"column":83}},"1":{"start":{"line":4,"column":7},"end":{"line":34,"column":null}},"2":{"start":{"line":4,"column":13},"end":{"line":4,"column":27}},"3":{"start":{"line":6,"column":2},"end":{"line":6,"column":null}},"4":{"start":{"line":9,"column":2},"end":{"line":9,"column":null}},"5":{"start":{"line":12,"column":2},"end":{"line":12,"column":null}},"6":{"start":{"line":15,"column":2},"end":{"line":15,"column":null}},"7":{"start":{"line":18,"column":2},"end":{"line":18,"column":null}},"8":{"start":{"line":21,"column":2},"end":{"line":21,"column":null}},"9":{"start":{"line":24,"column":2},"end":{"line":24,"column":null}},"10":{"start":{"line":27,"column":2},"end":{"line":27,"column":null}},"11":{"start":{"line":30,"column":2},"end":{"line":30,"column":null}},"12":{"start":{"line":33,"column":2},"end":{"line":33,"column":null}},"13":{"start":{"line":4,"column":13},"end":{"line":34,"column":null}}},"fnMap":{},"branchMap":{},"s":{"0":2,"1":2,"2":2,"3":2,"4":2,"5":2,"6":2,"7":2,"8":2,"9":2,"10":2,"11":2,"12":2,"13":2},"f":{},"b":{}}
}
