{"/Users/tindm/mtins/bloomkid/apps/mobile/src/components/CategoryTile/CategoryTile.tsx": {"path":"/Users/tindm/mtins/bloomkid/apps/mobile/src/components/CategoryTile/CategoryTile.tsx","statementMap":{"0":{"start":{"line":10,"column":2},"end":{"line":19,"column":4}},"1":{"start":{"line":14,"column":21},"end":{"line":14,"column":38}},"2":{"start":{"line":22,"column":15},"end":{"line":37,"column":2}}},"fnMap":{"0":{"name":"CategoryTile","decl":{"start":{"line":9,"column":16},"end":{"line":9,"column":28}},"loc":{"start":{"line":9,"column":71},"end":{"line":20,"column":1}},"line":9},"1":{"name":"(anonymous_1)","decl":{"start":{"line":14,"column":15},"end":{"line":14,"column":16}},"loc":{"start":{"line":14,"column":21},"end":{"line":14,"column":38}},"line":14}},"branchMap":{},"s":{"0":9,"1":2,"2":2},"f":{"0":9,"1":2},"b":{},"_coverageSchema":"1a1c01bbd47fc00a2c39e90264f33305004495a9","hash":"cc83114d13dda6442a206f612f8a7b66e6c0a3b7"}
,"/Users/tindm/mtins/bloomkid/apps/mobile/src/components/ProgressDots/ProgressDots.tsx": {"path":"/Users/tindm/mtins/bloomkid/apps/mobile/src/components/ProgressDots/ProgressDots.tsx","statementMap":{"0":{"start":{"line":10,"column":2},"end":{"line":20,"column":4}},"1":{"start":{"line":13,"column":8},"end":{"line":17,"column":10}},"2":{"start":{"line":23,"column":15},"end":{"line":26,"column":2}}},"fnMap":{"0":{"name":"ProgressDots","decl":{"start":{"line":9,"column":16},"end":{"line":9,"column":28}},"loc":{"start":{"line":9,"column":68},"end":{"line":21,"column":1}},"line":9},"1":{"name":"(anonymous_1)","decl":{"start":{"line":12,"column":37},"end":{"line":12,"column":38}},"loc":{"start":{"line":13,"column":8},"end":{"line":17,"column":10}},"line":13}},"branchMap":{"0":{"loc":{"start":{"line":16,"column":41},"end":{"line":16,"column":64}},"type":"cond-expr","locations":[{"start":{"line":16,"column":57},"end":{"line":16,"column":58}},{"start":{"line":16,"column":61},"end":{"line":16,"column":64}}],"line":16}},"s":{"0":3,"1":11,"2":1},"f":{"0":3,"1":11},"b":{"0":[3,8]},"_coverageSchema":"1a1c01bbd47fc00a2c39e90264f33305004495a9","hash":"26370f384e209d7d132f836678ab2832352b8eef"}
,"/Users/tindm/mtins/bloomkid/apps/mobile/src/screens/CelebrationScreen.tsx": {"path":"/Users/tindm/mtins/bloomkid/apps/mobile/src/screens/CelebrationScreen.tsx","statementMap":{"0":{"start":{"line":6,"column":17},"end":{"line":6,"column":28}},"1":{"start":{"line":8,"column":2},"end":{"line":22,"column":4}},"2":{"start":{"line":16,"column":23},"end":{"line":16,"column":42}},"3":{"start":{"line":25,"column":15},"end":{"line":30,"column":2}}},"fnMap":{"0":{"name":"CelebrationScreen","decl":{"start":{"line":5,"column":16},"end":{"line":5,"column":33}},"loc":{"start":{"line":5,"column":36},"end":{"line":23,"column":1}},"line":5},"1":{"name":"(anonymous_1)","decl":{"start":{"line":16,"column":17},"end":{"line":16,"column":18}},"loc":{"start":{"line":16,"column":23},"end":{"line":16,"column":42}},"line":16}},"branchMap":{},"s":{"0":2,"1":2,"2":1,"3":1},"f":{"0":2,"1":1},"b":{},"_coverageSchema":"1a1c01bbd47fc00a2c39e90264f33305004495a9","hash":"fb6e3f67002b4dfdd59b2693bcda7d920e209fd9"}
,"/Users/tindm/mtins/bloomkid/apps/mobile/src/screens/FlashcardScreen.tsx": {"path":"/Users/tindm/mtins/bloomkid/apps/mobile/src/screens/FlashcardScreen.tsx","statementMap":{"0":{"start":{"line":6,"column":17},"end":{"line":6,"column":75}},"1":{"start":{"line":15,"column":23},"end":{"line":15,"column":67}},"2":{"start":{"line":16,"column":17},"end":{"line":16,"column":28}},"3":{"start":{"line":17,"column":16},"end":{"line":17,"column":50}},"4":{"start":{"line":18,"column":28},"end":{"line":18,"column":52}},"5":{"start":{"line":19,"column":28},"end":{"line":19,"column":39}},"6":{"start":{"line":20,"column":32},"end":{"line":20,"column":46}},"7":{"start":{"line":22,"column":2},"end":{"line":30,"column":17}},"8":{"start":{"line":23,"column":4},"end":{"line":28,"column":9}},"9":{"start":{"line":24,"column":19},"end":{"line":24,"column":27}},"10":{"start":{"line":26,"column":8},"end":{"line":26,"column":23}},"11":{"start":{"line":27,"column":8},"end":{"line":27,"column":26}},"12":{"start":{"line":29,"column":4},"end":{"line":29,"column":35}},"13":{"start":{"line":29,"column":19},"end":{"line":29,"column":32}},"14":{"start":{"line":32,"column":2},"end":{"line":38,"column":3}},"15":{"start":{"line":33,"column":4},"end":{"line":37,"column":6}},"16":{"start":{"line":40,"column":18},"end":{"line":40,"column":30}},"17":{"start":{"line":42,"column":21},"end":{"line":45,"column":3}},"18":{"start":{"line":43,"column":4},"end":{"line":44,"column":23}},"19":{"start":{"line":43,"column":34},"end":{"line":43,"column":54}},"20":{"start":{"line":44,"column":9},"end":{"line":44,"column":23}},"21":{"start":{"line":47,"column":2},"end":{"line":70,"column":4}},"22":{"start":{"line":52,"column":23},"end":{"line":52,"column":51}},"23":{"start":{"line":73,"column":15},"end":{"line":81,"column":2}}},"fnMap":{"0":{"name":"FlashcardScreen","decl":{"start":{"line":14,"column":16},"end":{"line":14,"column":31}},"loc":{"start":{"line":14,"column":34},"end":{"line":71,"column":1}},"line":14},"1":{"name":"(anonymous_1)","decl":{"start":{"line":22,"column":12},"end":{"line":22,"column":13}},"loc":{"start":{"line":22,"column":18},"end":{"line":30,"column":3}},"line":22},"2":{"name":"(anonymous_2)","decl":{"start":{"line":24,"column":12},"end":{"line":24,"column":13}},"loc":{"start":{"line":24,"column":19},"end":{"line":24,"column":27}},"line":24},"3":{"name":"(anonymous_3)","decl":{"start":{"line":25,"column":12},"end":{"line":25,"column":13}},"loc":{"start":{"line":25,"column":34},"end":{"line":28,"column":7}},"line":25},"4":{"name":"(anonymous_4)","decl":{"start":{"line":29,"column":11},"end":{"line":29,"column":12}},"loc":{"start":{"line":29,"column":17},"end":{"line":29,"column":34}},"line":29},"5":{"name":"(anonymous_5)","decl":{"start":{"line":42,"column":21},"end":{"line":42,"column":22}},"loc":{"start":{"line":42,"column":27},"end":{"line":45,"column":3}},"line":42},"6":{"name":"(anonymous_6)","decl":{"start":{"line":52,"column":17},"end":{"line":52,"column":18}},"loc":{"start":{"line":52,"column":23},"end":{"line":52,"column":51}},"line":52}},"branchMap":{"0":{"loc":{"start":{"line":6,"column":17},"end":{"line":6,"column":75}},"type":"binary-expr","locations":[{"start":{"line":6,"column":17},"end":{"line":6,"column":48}},{"start":{"line":6,"column":52},"end":{"line":6,"column":75}}],"line":6},"1":{"loc":{"start":{"line":32,"column":2},"end":{"line":38,"column":3}},"type":"if","locations":[{"start":{"line":32,"column":2},"end":{"line":38,"column":3}},{"start":{},"end":{}}],"line":32},"2":{"loc":{"start":{"line":43,"column":4},"end":{"line":44,"column":23}},"type":"if","locations":[{"start":{"line":43,"column":4},"end":{"line":44,"column":23}},{"start":{"line":44,"column":9},"end":{"line":44,"column":23}}],"line":43}},"s":{"0":1,"1":11,"2":11,"3":11,"4":11,"5":11,"6":11,"7":11,"8":4,"9":3,"10":3,"11":3,"12":4,"13":4,"14":11,"15":7,"16":4,"17":4,"18":1,"19":1,"20":0,"21":4,"22":1,"23":1},"f":{"0":11,"1":4,"2":3,"3":3,"4":4,"5":1,"6":1},"b":{"0":[1,1],"1":[7,4],"2":[1,0]},"_coverageSchema":"1a1c01bbd47fc00a2c39e90264f33305004495a9","hash":"c5322b72df074dee65e2f58f6a293757b44f0aae"}
,"/Users/tindm/mtins/bloomkid/apps/mobile/src/screens/HomeScreen.tsx": {"path":"/Users/tindm/mtins/bloomkid/apps/mobile/src/screens/HomeScreen.tsx","statementMap":{"0":{"start":{"line":6,"column":17},"end":{"line":6,"column":75}},"1":{"start":{"line":9,"column":17},"end":{"line":9,"column":28}},"2":{"start":{"line":10,"column":38},"end":{"line":10,"column":60}},"3":{"start":{"line":11,"column":32},"end":{"line":11,"column":46}},"4":{"start":{"line":13,"column":2},"end":{"line":20,"column":9}},"5":{"start":{"line":14,"column":4},"end":{"line":19,"column":9}},"6":{"start":{"line":15,"column":19},"end":{"line":15,"column":27}},"7":{"start":{"line":17,"column":8},"end":{"line":17,"column":28}},"8":{"start":{"line":18,"column":8},"end":{"line":18,"column":26}},"9":{"start":{"line":22,"column":2},"end":{"line":28,"column":3}},"10":{"start":{"line":23,"column":4},"end":{"line":27,"column":6}},"11":{"start":{"line":30,"column":2},"end":{"line":46,"column":4}},"12":{"start":{"line":34,"column":32},"end":{"line":34,"column":36}},"13":{"start":{"line":37,"column":10},"end":{"line":42,"column":12}},"14":{"start":{"line":40,"column":14},"end":{"line":40,"column":80}},"15":{"start":{"line":49,"column":15},"end":{"line":52,"column":2}}},"fnMap":{"0":{"name":"HomeScreen","decl":{"start":{"line":8,"column":16},"end":{"line":8,"column":26}},"loc":{"start":{"line":8,"column":29},"end":{"line":47,"column":1}},"line":8},"1":{"name":"(anonymous_1)","decl":{"start":{"line":13,"column":12},"end":{"line":13,"column":13}},"loc":{"start":{"line":13,"column":18},"end":{"line":20,"column":3}},"line":13},"2":{"name":"(anonymous_2)","decl":{"start":{"line":15,"column":12},"end":{"line":15,"column":13}},"loc":{"start":{"line":15,"column":19},"end":{"line":15,"column":27}},"line":15},"3":{"name":"(anonymous_3)","decl":{"start":{"line":16,"column":12},"end":{"line":16,"column":13}},"loc":{"start":{"line":16,"column":32},"end":{"line":19,"column":7}},"line":16},"4":{"name":"(anonymous_4)","decl":{"start":{"line":34,"column":22},"end":{"line":34,"column":23}},"loc":{"start":{"line":34,"column":32},"end":{"line":34,"column":36}},"line":34},"5":{"name":"(anonymous_5)","decl":{"start":{"line":36,"column":20},"end":{"line":36,"column":21}},"loc":{"start":{"line":37,"column":10},"end":{"line":42,"column":12}},"line":37},"6":{"name":"(anonymous_6)","decl":{"start":{"line":39,"column":21},"end":{"line":39,"column":22}},"loc":{"start":{"line":40,"column":14},"end":{"line":40,"column":80}},"line":40}},"branchMap":{"0":{"loc":{"start":{"line":6,"column":17},"end":{"line":6,"column":75}},"type":"binary-expr","locations":[{"start":{"line":6,"column":17},"end":{"line":6,"column":48}},{"start":{"line":6,"column":52},"end":{"line":6,"column":75}}],"line":6},"1":{"loc":{"start":{"line":22,"column":2},"end":{"line":28,"column":3}},"type":"if","locations":[{"start":{"line":22,"column":2},"end":{"line":28,"column":3}},{"start":{},"end":{}}],"line":22}},"s":{"0":1,"1":7,"2":7,"3":7,"4":7,"5":3,"6":2,"7":2,"8":2,"9":7,"10":5,"11":2,"12":10,"13":6,"14":1,"15":1},"f":{"0":7,"1":3,"2":2,"3":2,"4":10,"5":6,"6":1},"b":{"0":[1,1],"1":[5,2]},"_coverageSchema":"1a1c01bbd47fc00a2c39e90264f33305004495a9","hash":"e1a57b77f221bd59b5068eb58f48e690b245efe3"}
,"/Users/tindm/mtins/bloomkid/apps/mobile/src/services/audio.ts": {"path":"/Users/tindm/mtins/bloomkid/apps/mobile/src/services/audio.ts","statementMap":{"0":{"start":{"line":4,"column":40},"end":{"line":4,"column":44}},"1":{"start":{"line":7,"column":4},"end":{"line":10,"column":5}},"2":{"start":{"line":8,"column":6},"end":{"line":8,"column":39}},"3":{"start":{"line":9,"column":6},"end":{"line":9,"column":26}},"4":{"start":{"line":11,"column":22},"end":{"line":11,"column":60}},"5":{"start":{"line":12,"column":4},"end":{"line":12,"column":25}},"6":{"start":{"line":13,"column":4},"end":{"line":13,"column":28}},"7":{"start":{"line":17,"column":4},"end":{"line":20,"column":5}},"8":{"start":{"line":18,"column":6},"end":{"line":18,"column":39}},"9":{"start":{"line":19,"column":6},"end":{"line":19,"column":26}}},"fnMap":{"0":{"name":"(anonymous_0)","decl":{"start":{"line":6,"column":2},"end":{"line":6,"column":3}},"loc":{"start":{"line":6,"column":41},"end":{"line":14,"column":3}},"line":6},"1":{"name":"(anonymous_1)","decl":{"start":{"line":16,"column":2},"end":{"line":16,"column":3}},"loc":{"start":{"line":16,"column":30},"end":{"line":21,"column":3}},"line":16}},"branchMap":{"0":{"loc":{"start":{"line":7,"column":4},"end":{"line":10,"column":5}},"type":"if","locations":[{"start":{"line":7,"column":4},"end":{"line":10,"column":5}},{"start":{},"end":{}}],"line":7},"1":{"loc":{"start":{"line":17,"column":4},"end":{"line":20,"column":5}},"type":"if","locations":[{"start":{"line":17,"column":4},"end":{"line":20,"column":5}},{"start":{},"end":{}}],"line":17}},"s":{"0":4,"1":4,"2":1,"3":1,"4":4,"5":4,"6":4,"7":2,"8":1,"9":1},"f":{"0":4,"1":2},"b":{"0":[1,3],"1":[1,1]},"_coverageSchema":"1a1c01bbd47fc00a2c39e90264f33305004495a9","hash":"e6b544e07c0806ac8a704a7f19d0b9a2ab7a3cb3"}
,"/Users/tindm/mtins/bloomkid/apps/mobile/src/services/offlineCache.ts": {"path":"/Users/tindm/mtins/bloomkid/apps/mobile/src/services/offlineCache.ts","statementMap":{"0":{"start":{"line":4,"column":20},"end":{"line":4,"column":68}},"1":{"start":{"line":7,"column":21},"end":{"line":7,"column":53}},"2":{"start":{"line":8,"column":17},"end":{"line":8,"column":56}},"3":{"start":{"line":9,"column":4},"end":{"line":9,"column":37}},"4":{"start":{"line":9,"column":21},"end":{"line":9,"column":37}},"5":{"start":{"line":11,"column":19},"end":{"line":11,"column":67}},"6":{"start":{"line":12,"column":4},"end":{"line":12,"column":73}},"7":{"start":{"line":13,"column":19},"end":{"line":13,"column":70}},"8":{"start":{"line":14,"column":4},"end":{"line":14,"column":22}}},"fnMap":{"0":{"name":"(anonymous_0)","decl":{"start":{"line":6,"column":2},"end":{"line":6,"column":3}},"loc":{"start":{"line":6,"column":73},"end":{"line":15,"column":3}},"line":6}},"branchMap":{"0":{"loc":{"start":{"line":9,"column":4},"end":{"line":9,"column":37}},"type":"if","locations":[{"start":{"line":9,"column":4},"end":{"line":9,"column":37}},{"start":{},"end":{}}],"line":9}},"s":{"0":2,"1":2,"2":2,"3":2,"4":1,"5":1,"6":1,"7":1,"8":1},"f":{"0":2},"b":{"0":[1,1]},"_coverageSchema":"1a1c01bbd47fc00a2c39e90264f33305004495a9","hash":"ebae55bb09ee6c51c33b3c79288dd314a693f71c"}
,"/Users/tindm/mtins/bloomkid/apps/mobile/src/utils/shuffle.ts": {"path":"/Users/tindm/mtins/bloomkid/apps/mobile/src/utils/shuffle.ts","statementMap":{"0":{"start":{"line":2,"column":15},"end":{"line":2,"column":23}},"1":{"start":{"line":3,"column":2},"end":{"line":6,"column":3}},"2":{"start":{"line":3,"column":15},"end":{"line":3,"column":30}},"3":{"start":{"line":4,"column":14},"end":{"line":4,"column":49}},"4":{"start":{"line":5,"column":4},"end":{"line":5,"column":44}},"5":{"start":{"line":7,"column":2},"end":{"line":7,"column":14}}},"fnMap":{"0":{"name":"shuffle","decl":{"start":{"line":1,"column":16},"end":{"line":1,"column":23}},"loc":{"start":{"line":1,"column":42},"end":{"line":8,"column":1}},"line":1}},"branchMap":{},"s":{"0":23,"1":23,"2":23,"3":189,"4":189,"5":23},"f":{"0":23},"b":{},"_coverageSchema":"1a1c01bbd47fc00a2c39e90264f33305004495a9","hash":"abc384f649882d327d12f0a35243ab4d5b71af8e"}
}
