TN:
SF:src/components/CategoryTile/CategoryTile.tsx
FN:9,CategoryTile
FN:14,(anonymous_1)
FNF:2
FNH:2
FNDA:9,CategoryTile
FNDA:2,(anonymous_1)
DA:10,9
DA:14,2
DA:22,2
LF:3
LH:3
BRF:0
BRH:0
end_of_record
TN:
SF:src/components/ProgressDots/ProgressDots.tsx
FN:9,ProgressDots
FN:12,(anonymous_1)
FNF:2
FNH:2
FNDA:3,ProgressDots
FNDA:11,(anonymous_1)
DA:10,3
DA:13,11
DA:23,1
LF:3
LH:3
BRDA:16,0,0,3
BRDA:16,0,1,8
BRF:2
BRH:2
end_of_record
TN:
SF:src/screens/CelebrationScreen.tsx
FN:5,CelebrationScreen
FN:16,(anonymous_1)
FNF:2
FNH:2
FNDA:2,CelebrationScreen
FNDA:1,(anonymous_1)
DA:6,2
DA:8,2
DA:16,1
DA:25,1
LF:4
LH:4
BRF:0
BRH:0
end_of_record
TN:
SF:src/screens/FlashcardScreen.tsx
FN:14,FlashcardScreen
FN:22,(anonymous_1)
FN:24,(anonymous_2)
FN:25,(anonymous_3)
FN:29,(anonymous_4)
FN:42,(anonymous_5)
FN:52,(anonymous_6)
FNF:7
FNH:7
FNDA:11,FlashcardScreen
FNDA:4,(anonymous_1)
FNDA:3,(anonymous_2)
FNDA:3,(anonymous_3)
FNDA:4,(anonymous_4)
FNDA:1,(anonymous_5)
FNDA:1,(anonymous_6)
DA:6,1
DA:15,11
DA:16,11
DA:17,11
DA:18,11
DA:19,11
DA:20,11
DA:22,11
DA:23,4
DA:24,3
DA:26,3
DA:27,3
DA:29,4
DA:32,11
DA:33,7
DA:40,4
DA:42,4
DA:43,1
DA:44,0
DA:47,4
DA:52,1
DA:73,1
LF:22
LH:21
BRDA:6,0,0,1
BRDA:6,0,1,1
BRDA:32,1,0,7
BRDA:32,1,1,4
BRDA:43,2,0,1
BRDA:43,2,1,0
BRF:6
BRH:5
end_of_record
TN:
SF:src/screens/HomeScreen.tsx
FN:8,HomeScreen
FN:13,(anonymous_1)
FN:15,(anonymous_2)
FN:16,(anonymous_3)
FN:34,(anonymous_4)
FN:36,(anonymous_5)
FN:39,(anonymous_6)
FNF:7
FNH:7
FNDA:7,HomeScreen
FNDA:3,(anonymous_1)
FNDA:2,(anonymous_2)
FNDA:2,(anonymous_3)
FNDA:10,(anonymous_4)
FNDA:6,(anonymous_5)
FNDA:1,(anonymous_6)
DA:6,1
DA:9,7
DA:10,7
DA:11,7
DA:13,7
DA:14,3
DA:15,2
DA:17,2
DA:18,2
DA:22,7
DA:23,5
DA:30,2
DA:34,10
DA:37,6
DA:40,1
DA:49,1
LF:16
LH:16
BRDA:6,0,0,1
BRDA:6,0,1,1
BRDA:22,1,0,5
BRDA:22,1,1,2
BRF:4
BRH:4
end_of_record
TN:
SF:src/services/audio.ts
FN:6,(anonymous_0)
FN:16,(anonymous_1)
FNF:2
FNH:2
FNDA:4,(anonymous_0)
FNDA:2,(anonymous_1)
DA:4,4
DA:7,4
DA:8,1
DA:9,1
DA:11,4
DA:12,4
DA:13,4
DA:17,2
DA:18,1
DA:19,1
LF:10
LH:10
BRDA:7,0,0,1
BRDA:7,0,1,3
BRDA:17,1,0,1
BRDA:17,1,1,1
BRF:4
BRH:4
end_of_record
TN:
SF:src/services/offlineCache.ts
FN:6,(anonymous_0)
FNF:1
FNH:1
FNDA:2,(anonymous_0)
DA:4,2
DA:7,2
DA:8,2
DA:9,2
DA:11,1
DA:12,1
DA:13,1
DA:14,1
LF:8
LH:8
BRDA:9,0,0,1
BRDA:9,0,1,1
BRF:2
BRH:2
end_of_record
TN:
SF:src/utils/shuffle.ts
FN:1,shuffle
FNF:1
FNH:1
FNDA:23,shuffle
DA:2,23
DA:3,23
DA:4,189
DA:5,189
DA:7,23
LF:5
LH:5
BRF:0
BRH:0
end_of_record
