{"/Users/tindm/mtins/bloomkid/packages/ai-pipeline/src/generate-audio.ts": {"path":"/Users/tindm/mtins/bloomkid/packages/ai-pipeline/src/generate-audio.ts","statementMap":{"0":{"start":{"line":4,"column":0},"end":{"line":4,"column":7}},"1":{"start":{"line":1,"column":0},"end":{"line":1,"column":29}},"2":{"start":{"line":2,"column":0},"end":{"line":2,"column":24}},"3":{"start":{"line":5,"column":14},"end":{"line":14,"column":null}},"4":{"start":{"line":17,"column":2},"end":{"line":19,"column":3}},"5":{"start":{"line":18,"column":4},"end":{"line":18,"column":77}},"6":{"start":{"line":21,"column":17},"end":{"line":21,"column":53}},"7":{"start":{"line":22,"column":17},"end":{"line":22,"column":46}},"8":{"start":{"line":23,"column":2},"end":{"line":23,"column":46}},"9":{"start":{"line":24,"column":19},"end":{"line":24,"column":51}},"10":{"start":{"line":25,"column":2},"end":{"line":25,"column":39}},"11":{"start":{"line":26,"column":2},"end":{"line":26,"column":18}}},"fnMap":{"0":{"name":"generateAudio","decl":{"start":{"line":4,"column":22},"end":{"line":4,"column":35}},"loc":{"start":{"line":4,"column":66},"end":{"line":27,"column":1}}}},"branchMap":{"0":{"loc":{"start":{"line":10,"column":22},"end":{"line":10,"column":58}},"type":"binary-expr","locations":[{"start":{"line":10,"column":22},"end":{"line":10,"column":52}},{"start":{"line":10,"column":56},"end":{"line":10,"column":58}}]},"1":{"loc":{"start":{"line":17,"column":2},"end":{"line":19,"column":3}},"type":"if","locations":[{"start":{"line":17,"column":2},"end":{"line":19,"column":3}}]}},"s":{"0":1,"1":1,"2":1,"3":5,"4":5,"5":1,"6":4,"7":4,"8":4,"9":4,"10":4,"11":4},"f":{"0":5},"b":{"0":[5,5],"1":[1]}}
,"/Users/tindm/mtins/bloomkid/packages/ai-pipeline/src/generate-image.ts": {"path":"/Users/tindm/mtins/bloomkid/packages/ai-pipeline/src/generate-image.ts","statementMap":{"0":{"start":{"line":4,"column":0},"end":{"line":4,"column":7}},"1":{"start":{"line":1,"column":0},"end":{"line":1,"column":29}},"2":{"start":{"line":2,"column":0},"end":{"line":2,"column":24}},"3":{"start":{"line":9,"column":14},"end":{"line":21,"column":4}},"4":{"start":{"line":23,"column":2},"end":{"line":25,"column":3}},"5":{"start":{"line":24,"column":4},"end":{"line":24,"column":73}},"6":{"start":{"line":27,"column":16},"end":{"line":27,"column":32}},"7":{"start":{"line":28,"column":19},"end":{"line":28,"column":35}},"8":{"start":{"line":30,"column":17},"end":{"line":30,"column":38}},"9":{"start":{"line":31,"column":17},"end":{"line":31,"column":56}},"10":{"start":{"line":33,"column":17},"end":{"line":33,"column":46}},"11":{"start":{"line":34,"column":2},"end":{"line":34,"column":46}},"12":{"start":{"line":35,"column":19},"end":{"line":35,"column":51}},"13":{"start":{"line":36,"column":2},"end":{"line":36,"column":39}},"14":{"start":{"line":37,"column":2},"end":{"line":37,"column":18}}},"fnMap":{"0":{"name":"generateImage","decl":{"start":{"line":4,"column":22},"end":{"line":4,"column":35}},"loc":{"start":{"line":7,"column":21},"end":{"line":38,"column":1}}}},"branchMap":{"0":{"loc":{"start":{"line":12,"column":31},"end":{"line":12,"column":63}},"type":"binary-expr","locations":[{"start":{"line":12,"column":31},"end":{"line":12,"column":57}},{"start":{"line":12,"column":61},"end":{"line":12,"column":63}}]},"1":{"loc":{"start":{"line":23,"column":2},"end":{"line":25,"column":3}},"type":"if","locations":[{"start":{"line":23,"column":2},"end":{"line":25,"column":3}}]}},"s":{"0":1,"1":1,"2":1,"3":6,"4":6,"5":1,"6":5,"7":5,"8":5,"9":5,"10":5,"11":5,"12":5,"13":5,"14":5},"f":{"0":6},"b":{"0":[6,6],"1":[1]}}
,"/Users/tindm/mtins/bloomkid/packages/ai-pipeline/src/generate-lesson.ts": {"path":"/Users/tindm/mtins/bloomkid/packages/ai-pipeline/src/generate-lesson.ts","statementMap":{"0":{"start":{"line":13,"column":0},"end":{"line":13,"column":7}},"1":{"start":{"line":1,"column":0},"end":{"line":1,"column":42}},"2":{"start":{"line":2,"column":0},"end":{"line":2,"column":29}},"3":{"start":{"line":3,"column":0},"end":{"line":3,"column":24}},"4":{"start":{"line":17,"column":21},"end":{"line":17,"column":87}},"5":{"start":{"line":18,"column":25},"end":{"line":18,"column":63}},"6":{"start":{"line":20,"column":22},"end":{"line":22,"column":40}},"7":{"start":{"line":24,"column":17},"end":{"line":24,"column":32}},"8":{"start":{"line":25,"column":18},"end":{"line":29,"column":4}},"9":{"start":{"line":31,"column":15},"end":{"line":31,"column":73}},"10":{"start":{"line":32,"column":20},"end":{"line":32,"column":44}},"11":{"start":{"line":33,"column":2},"end":{"line":33,"column":102}},"12":{"start":{"line":33,"column":18},"end":{"line":33,"column":102}},"13":{"start":{"line":35,"column":30},"end":{"line":35,"column":54}},"14":{"start":{"line":37,"column":17},"end":{"line":37,"column":46}},"15":{"start":{"line":38,"column":2},"end":{"line":38,"column":46}},"16":{"start":{"line":39,"column":2},"end":{"line":42,"column":4}},"17":{"start":{"line":44,"column":2},"end":{"line":44,"column":15}}},"fnMap":{"0":{"name":"generateLesson","decl":{"start":{"line":13,"column":22},"end":{"line":13,"column":36}},"loc":{"start":{"line":15,"column":11},"end":{"line":45,"column":1}}}},"branchMap":{"0":{"loc":{"start":{"line":15,"column":2},"end":{"line":15,"column":11}},"type":"default-arg","locations":[{"start":{"line":15,"column":10},"end":{"line":15,"column":11}}]},"1":{"loc":{"start":{"line":33,"column":2},"end":{"line":33,"column":102}},"type":"if","locations":[{"start":{"line":33,"column":2},"end":{"line":33,"column":102}}]}},"s":{"0":1,"1":1,"2":1,"3":1,"4":5,"5":5,"6":5,"7":5,"8":5,"9":5,"10":5,"11":5,"12":0,"13":5,"14":5,"15":5,"16":5,"17":5},"f":{"0":5},"b":{"0":[0],"1":[0]}}
,"/Users/tindm/mtins/bloomkid/packages/ai-pipeline/src/upload-assets.ts": {"path":"/Users/tindm/mtins/bloomkid/packages/ai-pipeline/src/upload-assets.ts","statementMap":{"0":{"start":{"line":21,"column":0},"end":{"line":21,"column":7}},"1":{"start":{"line":1,"column":0},"end":{"line":1,"column":29}},"2":{"start":{"line":3,"column":0},"end":{"line":3,"column":64}},"3":{"start":{"line":4,"column":0},"end":{"line":4,"column":28}},"4":{"start":{"line":25,"column":17},"end":{"line":25,"column":44}},"5":{"start":{"line":26,"column":17},"end":{"line":26,"column":59}},"6":{"start":{"line":27,"column":13},"end":{"line":27,"column":37}},"7":{"start":{"line":29,"column":13},"end":{"line":29,"column":71}},"8":{"start":{"line":30,"column":2},"end":{"line":30,"column":21}},"9":{"start":{"line":32,"column":34},"end":{"line":32,"column":36}},"10":{"start":{"line":34,"column":2},"end":{"line":60,"column":3}},"11":{"start":{"line":35,"column":21},"end":{"line":35,"column":51}},"12":{"start":{"line":36,"column":21},"end":{"line":36,"column":51}},"13":{"start":{"line":38,"column":35},"end":{"line":41,"column":6}},"14":{"start":{"line":43,"column":4},"end":{"line":46,"column":7}},"15":{"start":{"line":48,"column":20},"end":{"line":48,"column":66}},"16":{"start":{"line":49,"column":21},"end":{"line":49,"column":45}},"17":{"start":{"line":50,"column":21},"end":{"line":50,"column":45}},"18":{"start":{"line":52,"column":4},"end":{"line":57,"column":6}},"19":{"start":{"line":59,"column":4},"end":{"line":59,"column":50}},"20":{"start":{"line":62,"column":2},"end":{"line":62,"column":17}},"21":{"start":{"line":63,"column":2},"end":{"line":63,"column":17}}},"fnMap":{"0":{"name":"uploadAssets","decl":{"start":{"line":21,"column":22},"end":{"line":21,"column":34}},"loc":{"start":{"line":23,"column":31},"end":{"line":64,"column":1}}}},"branchMap":{"0":{"loc":{"start":{"line":25,"column":17},"end":{"line":25,"column":44}},"type":"binary-expr","locations":[{"start":{"line":25,"column":17},"end":{"line":25,"column":38}},{"start":{"line":25,"column":42},"end":{"line":25,"column":44}}]},"1":{"loc":{"start":{"line":26,"column":17},"end":{"line":26,"column":59}},"type":"binary-expr","locations":[{"start":{"line":26,"column":17},"end":{"line":26,"column":39}},{"start":{"line":26,"column":43},"end":{"line":26,"column":59}}]}},"s":{"0":1,"1":1,"2":1,"3":1,"4":4,"5":4,"6":4,"7":4,"8":4,"9":4,"10":4,"11":4,"12":4,"13":4,"14":4,"15":4,"16":4,"17":4,"18":4,"19":4,"20":4,"21":4},"f":{"0":4},"b":{"0":[4,4],"1":[4,4]}}
}
