TN:
SF:src/generate-audio.ts
FN:4,generateAudio
FNF:1
FNH:1
FNDA:5,generateAudio
DA:1,1
DA:2,1
DA:4,1
DA:5,5
DA:17,5
DA:18,1
DA:21,4
DA:22,4
DA:23,4
DA:24,4
DA:25,4
DA:26,4
LF:12
LH:12
BRDA:10,0,0,5
BRDA:10,0,1,5
BRDA:17,1,0,1
BRF:3
BRH:3
end_of_record
TN:
SF:src/generate-image.ts
FN:4,generateImage
FNF:1
FNH:1
FNDA:6,generateImage
DA:1,1
DA:2,1
DA:4,1
DA:9,6
DA:23,6
DA:24,1
DA:27,5
DA:28,5
DA:30,5
DA:31,5
DA:33,5
DA:34,5
DA:35,5
DA:36,5
DA:37,5
LF:15
LH:15
BRDA:12,0,0,6
BRDA:12,0,1,6
BRDA:23,1,0,1
BRF:3
BRH:3
end_of_record
TN:
SF:src/generate-lesson.ts
FN:13,generateLesson
FNF:1
FNH:1
FNDA:5,generateLesson
DA:1,1
DA:2,1
DA:3,1
DA:13,1
DA:17,5
DA:18,5
DA:20,5
DA:24,5
DA:25,5
DA:31,5
DA:32,5
DA:33,5
DA:35,5
DA:37,5
DA:38,5
DA:39,5
DA:44,5
LF:17
LH:17
BRDA:15,0,0,0
BRDA:33,1,0,0
BRF:2
BRH:0
end_of_record
TN:
SF:src/upload-assets.ts
FN:21,uploadAssets
FNF:1
FNH:1
FNDA:4,uploadAssets
DA:1,1
DA:3,1
DA:4,1
DA:21,1
DA:25,4
DA:26,4
DA:27,4
DA:29,4
DA:30,4
DA:32,4
DA:34,4
DA:35,4
DA:36,4
DA:38,4
DA:43,4
DA:48,4
DA:49,4
DA:50,4
DA:52,4
DA:59,4
DA:62,4
DA:63,4
LF:22
LH:22
BRDA:25,0,0,4
BRDA:25,0,1,4
BRDA:26,1,0,4
BRDA:26,1,1,4
BRF:4
BRH:4
end_of_record
